<?xml version="1.0" encoding="utf-8" standalone="no"?>
<!--This file represents the results of running a test suite-->
<test-results name="C:\Users\daniel\Documents\open-source\nLess\build\\dotless.Test.dll" total="78" errors="0" failures="0" not-run="24" inconclusive="0" ignored="24" skipped="0" invalid="0" date="2009-11-20" time="16:43:41">
  <environment nunit-version="2.5.2.9222" clr-version="2.0.50727.4927" os-version="Microsoft Windows NT 6.1.7600.0" platform="Win32NT" cwd="C:\Users\daniel\Documents\open-source\nLess\build" machine-name="TIG" user="daniel" user-domain="Tig" />
  <culture-info current-culture="de-AT" current-uiculture="de-DE" />
  <test-suite name="C:\Users\daniel\Documents\open-source\nLess\build\\dotless.Test.dll" executed="True" success="True" time="5.257" asserts="0">
    <results>
      <test-suite name="dotless" executed="True" success="True" time="5.254" asserts="0">
        <results>
          <test-suite name="Test" executed="True" success="True" time="5.254" asserts="0">
            <results>
              <test-suite name="PointInTime" executed="True" success="True" time="0.269" asserts="0">
                <results>
                  <test-suite name="PointInTimeFixture" executed="True" success="True" time="0.246" asserts="0">
                    <results>
                      <test-case name="dotless.Test.PointInTime.PointInTimeFixture.AltEngine_Parse_Test_Data" executed="True" success="True" time="0.198" asserts="0" />
                      <test-case name="dotless.Test.PointInTime.PointInTimeFixture.Parse_Test_Data" executed="True" success="True" time="0.016" asserts="0" />
                      <test-case name="dotless.Test.PointInTime.PointInTimeFixture.Parse_Test_Data_And_Output_Tree" executed="True" success="True" time="0.024" asserts="0" />
                    </results>
                  </test-suite>
                </results>
              </test-suite>
              <test-suite name="Spec" executed="True" success="True" time="2.606" asserts="0">
                <results>
                  <test-suite name="AltEngineSpecEngine" executed="False">
                    <reason>
                      <message><![CDATA[Upcoming functionality]]></message>
                    </reason>
                    <results>
                      <test-case name="dotless.Test.Spec.AltEngineSpecEngine.ShouldEvaluateVariablesLazily" executed="False">
                        <reason>
                          <message><![CDATA[Upcoming functionality]]></message>
                        </reason>
                      </test-case>
                      <test-case name="dotless.Test.Spec.AltEngineSpecEngine.ShouldGroupSelectorsWhenItCan" executed="False">
                        <reason>
                          <message><![CDATA[Upcoming functionality]]></message>
                        </reason>
                      </test-case>
                      <test-case name="dotless.Test.Spec.AltEngineSpecEngine.ShouldHandleComplexColorOperations" executed="False">
                        <reason>
                          <message><![CDATA[Upcoming functionality]]></message>
                        </reason>
                      </test-case>
                      <test-case name="dotless.Test.Spec.AltEngineSpecEngine.ShouldHandleSomeFunctions" executed="False">
                        <reason>
                          <message><![CDATA[Upcoming functionality]]></message>
                        </reason>
                      </test-case>
                      <test-case name="dotless.Test.Spec.AltEngineSpecEngine.ShouldManageNamespacedMixins" executed="False">
                        <reason>
                          <message><![CDATA[Upcoming functionality]]></message>
                        </reason>
                      </test-case>
                      <test-case name="dotless.Test.Spec.AltEngineSpecEngine.ShouldManageScope" executed="False">
                        <reason>
                          <message><![CDATA[Upcoming functionality]]></message>
                        </reason>
                      </test-case>
                      <test-case name="dotless.Test.Spec.AltEngineSpecEngine.ShouldManageStrings" executed="False">
                        <reason>
                          <message><![CDATA[Upcoming functionality]]></message>
                        </reason>
                      </test-case>
                      <test-case name="dotless.Test.Spec.AltEngineSpecEngine.ShouldManageVariables" executed="False">
                        <reason>
                          <message><![CDATA[Upcoming functionality]]></message>
                        </reason>
                      </test-case>
                      <test-case name="dotless.Test.Spec.AltEngineSpecEngine.ShouldManageWhitespace" executed="False">
                        <reason>
                          <message><![CDATA[Upcoming functionality]]></message>
                        </reason>
                      </test-case>
                      <test-case name="dotless.Test.Spec.AltEngineSpecEngine.ShouldParseABigFile" executed="False">
                        <reason>
                          <message><![CDATA[Upcoming functionality]]></message>
                        </reason>
                      </test-case>
                      <test-case name="dotless.Test.Spec.AltEngineSpecEngine.ShouldParseAccessors" executed="False">
                        <reason>
                          <message><![CDATA[Upcoming functionality]]></message>
                        </reason>
                      </test-case>
                      <test-case name="dotless.Test.Spec.AltEngineSpecEngine.ShouldParseComments" executed="False">
                        <reason>
                          <message><![CDATA[Upcoming functionality]]></message>
                        </reason>
                      </test-case>
                      <test-case name="dotless.Test.Spec.AltEngineSpecEngine.ShouldParseCss" executed="False">
                        <reason>
                          <message><![CDATA[Upcoming functionality]]></message>
                        </reason>
                      </test-case>
                      <test-case name="dotless.Test.Spec.AltEngineSpecEngine.ShouldParseCss3" executed="False">
                        <reason>
                          <message><![CDATA[Upcoming functionality]]></message>
                        </reason>
                      </test-case>
                      <test-case name="dotless.Test.Spec.AltEngineSpecEngine.ShouldParseMixins" executed="False">
                        <reason>
                          <message><![CDATA[Upcoming functionality]]></message>
                        </reason>
                      </test-case>
                      <test-case name="dotless.Test.Spec.AltEngineSpecEngine.ShouldParseMixinsWithArguments" executed="False">
                        <reason>
                          <message><![CDATA[Upcoming functionality]]></message>
                        </reason>
                      </test-case>
                      <test-case name="dotless.Test.Spec.AltEngineSpecEngine.ShouldParseNestedRules" executed="False">
                        <reason>
                          <message><![CDATA[Upcoming functionality]]></message>
                        </reason>
                      </test-case>
                      <test-case name="dotless.Test.Spec.AltEngineSpecEngine.ShouldParseOperations" executed="False">
                        <reason>
                          <message><![CDATA[Upcoming functionality]]></message>
                        </reason>
                      </test-case>
                      <test-case name="dotless.Test.Spec.AltEngineSpecEngine.ShouldWorkWithImport" executed="False">
                        <reason>
                          <message><![CDATA[Upcoming functionality]]></message>
                        </reason>
                      </test-case>
                    </results>
                  </test-suite>
                  <test-suite name="SpecEngine" executed="True" success="True" time="2.594" asserts="0">
                    <results>
                      <test-case name="dotless.Test.Spec.SpecEngine.ShouldAddManyMixins" executed="True" success="True" time="0.025" asserts="1" />
                      <test-case name="dotless.Test.Spec.SpecEngine.ShouldEvaluateVariablesLazily" executed="True" success="True" time="0.002" asserts="1" />
                      <test-case name="dotless.Test.Spec.SpecEngine.ShouldGroupSelectorsWhenItCan" executed="False">
                        <reason>
                          <message><![CDATA[Upcoming functionality]]></message>
                        </reason>
                      </test-case>
                      <test-case name="dotless.Test.Spec.SpecEngine.ShouldHandleComplexColorOperations" executed="True" success="True" time="0.385" asserts="1" />
                      <test-case name="dotless.Test.Spec.SpecEngine.ShouldHandleSomeFunctions" executed="False">
                        <reason>
                          <message><![CDATA[Upcoming functionality]]></message>
                        </reason>
                      </test-case>
                      <test-case name="dotless.Test.Spec.SpecEngine.ShouldManageNamespacedMixins" executed="True" success="True" time="0.009" asserts="1" />
                      <test-case name="dotless.Test.Spec.SpecEngine.ShouldManageScope" executed="True" success="True" time="0.001" asserts="1" />
                      <test-case name="dotless.Test.Spec.SpecEngine.ShouldManageStrings" executed="True" success="True" time="0.002" asserts="1" />
                      <test-case name="dotless.Test.Spec.SpecEngine.ShouldManageVariables" executed="True" success="True" time="0.579" asserts="1" />
                      <test-case name="dotless.Test.Spec.SpecEngine.ShouldManageWhitespace" executed="False">
                        <reason>
                          <message><![CDATA[Upcoming functionality]]></message>
                        </reason>
                      </test-case>
                      <test-case name="dotless.Test.Spec.SpecEngine.ShouldParseABigFile" executed="True" success="True" time="0.178" asserts="1" />
                      <test-case name="dotless.Test.Spec.SpecEngine.ShouldParseAccessors" executed="True" success="True" time="0.024" asserts="1" />
                      <test-case name="dotless.Test.Spec.SpecEngine.ShouldParseComments" executed="True" success="True" time="0.004" asserts="1" />
                      <test-case name="dotless.Test.Spec.SpecEngine.ShouldParseCss" executed="True" success="True" time="0.003" asserts="1" />
                      <test-case name="dotless.Test.Spec.SpecEngine.ShouldParseCss3" executed="True" success="True" time="0.001" asserts="1" />
                      <test-case name="dotless.Test.Spec.SpecEngine.ShouldParseMixins" executed="False">
                        <reason>
                          <message><![CDATA[Upcoming functionality]]></message>
                        </reason>
                      </test-case>
                      <test-case name="dotless.Test.Spec.SpecEngine.ShouldParseMixinsWithArguments" executed="False">
                        <reason>
                          <message><![CDATA[Upcoming functionality]]></message>
                        </reason>
                      </test-case>
                      <test-case name="dotless.Test.Spec.SpecEngine.ShouldParseNestedRules" executed="True" success="True" time="0.001" asserts="1" />
                      <test-case name="dotless.Test.Spec.SpecEngine.ShouldParseOperations" executed="True" success="True" time="1.266" asserts="1" />
                      <test-case name="dotless.Test.Spec.SpecEngine.ShouldWorkWithImport" executed="True" success="True" time="0.113" asserts="1" />
                    </results>
                  </test-suite>
                </results>
              </test-suite>
              <test-suite name="Unit" executed="True" success="True" time="2.373" asserts="0">
                <results>
                  <test-suite name="configuration" executed="True" success="True" time="0.017" asserts="0">
                    <results>
                      <test-suite name="XmlConfigurationFixture" executed="True" success="True" time="0.016" asserts="0">
                        <results>
                          <test-case name="dotless.Test.Unit.configuration.XmlConfigurationFixture.CacheIsEnabledByDefault" executed="True" success="True" time="0.011" asserts="1" />
                          <test-case name="dotless.Test.Unit.configuration.XmlConfigurationFixture.MinifyCssAttributeCanBeFalseSetsMinifyOutputFalse" executed="True" success="True" time="0.003" asserts="1" />
                          <test-case name="dotless.Test.Unit.configuration.XmlConfigurationFixture.MinifyCssAttributeCanBeNull_SetsMinifyOutputFalse" executed="True" success="True" time="0.000" asserts="1" />
                          <test-case name="dotless.Test.Unit.configuration.XmlConfigurationFixture.ReadsMinificationFromXmlNodeSetsMinifyOutputTrue" executed="True" success="True" time="0.001" asserts="1" />
                        </results>
                      </test-suite>
                    </results>
                  </test-suite>
                  <test-suite name="engine" executed="True" success="True" time="2.178" asserts="0">
                    <results>
                      <test-suite name="AltEngineFixture" executed="True" success="True" time="1.210" asserts="0">
                        <results>
                          <test-case name="dotless.Test.Unit.engine.AltEngineFixture.Can_Retrieve_Css_Dom" executed="True" success="True" time="0.003" asserts="2" />
                          <test-case name="dotless.Test.Unit.engine.AltEngineFixture.Css_Dom_Should_Contain_Five_Elements_For_Nested_Element_With_Props" executed="True" success="True" time="0.002" asserts="1" />
                          <test-case name="dotless.Test.Unit.engine.AltEngineFixture.Css_Dom_Should_Contain_Four_Elements_For_Nested_Element_With_Props" executed="True" success="True" time="0.000" asserts="1" />
                          <test-case name="dotless.Test.Unit.engine.AltEngineFixture.Css_Dom_Should_Contain_One_Elements_For_Nested_Element_With_No_Props" executed="True" success="True" time="0.001" asserts="1" />
                          <test-case name="dotless.Test.Unit.engine.AltEngineFixture.Css_Dom_Should_Contain_Two_Elements_For_CSV_Props" executed="True" success="True" time="0.000" asserts="1" />
                          <test-case name="dotless.Test.Unit.engine.AltEngineFixture.Css_Dom_Should_Contain_Two_Elements_For_Nested_Element_With_Props" executed="True" success="True" time="0.000" asserts="1" />
                          <test-case name="dotless.Test.Unit.engine.AltEngineFixture.Rand" executed="True" success="True" time="1.202" asserts="0" />
                        </results>
                      </test-suite>
                      <test-suite name="CssNodes" executed="True" success="True" time="0.003" asserts="0">
                        <results>
                          <test-suite name="CssElementFixture" executed="True" success="True" time="0.002" asserts="0">
                            <results>
                              <test-case name="dotless.Test.Unit.engine.CssNodes.CssElementFixture.Can_Get_And_Set_Values" executed="True" success="True" time="0.000" asserts="1" />
                              <test-case name="dotless.Test.Unit.engine.CssNodes.CssElementFixture.Cannot_AddProperties_Twice_Get_And_Set_Values" executed="True" success="True" time="0.002" asserts="1" />
                            </results>
                          </test-suite>
                          <test-suite name="CssPropertyFixture" executed="True" success="True" time="0.001" asserts="0">
                            <results>
                              <test-case name="dotless.Test.Unit.engine.CssNodes.CssPropertyFixture.Can_Get_And_Set_Property_Values" executed="True" success="True" time="0.001" asserts="2" />
                            </results>
                          </test-suite>
                        </results>
                      </test-suite>
                      <test-suite name="ElementFixture" executed="True" success="True" time="0.610" asserts="0">
                        <results>
                          <test-case name="dotless.Test.Unit.engine.ElementFixture.CanAddSubElements" executed="True" success="True" time="0.000" asserts="1" />
                          <test-case name="dotless.Test.Unit.engine.ElementFixture.CanInstansiateElement" executed="True" success="True" time="0.000" asserts="3" />
                          <test-case name="dotless.Test.Unit.engine.ElementFixture.CanRetrieveElementPath" executed="True" success="True" time="0.000" asserts="1" />
                          <test-case name="dotless.Test.Unit.engine.ElementFixture.CanRetrieveNearestElement" executed="True" success="True" time="0.610" asserts="1" />
                        </results>
                      </test-suite>
                      <test-suite name="Literals" executed="True" success="True" time="0.011" asserts="0">
                        <results>
                          <test-suite name="ColorFixture" executed="True" success="True" time="0.005" asserts="0">
                            <results>
                              <test-case name="dotless.Test.Unit.engine.Literals.ColorFixture.CanAddToRgbColor" executed="True" success="True" time="0.001" asserts="9" />
                              <test-case name="dotless.Test.Unit.engine.Literals.ColorFixture.CanDivideRgbColors" executed="True" success="True" time="0.000" asserts="6" />
                              <test-case name="dotless.Test.Unit.engine.Literals.ColorFixture.CanMinusFromRgbColor" executed="True" success="True" time="0.001" asserts="6" />
                              <test-case name="dotless.Test.Unit.engine.Literals.ColorFixture.CanMultiplyRgbColors" executed="True" success="True" time="0.000" asserts="6" />
                              <test-case name="dotless.Test.Unit.engine.Literals.ColorFixture.CanNormailzeRgb" executed="True" success="True" time="0.000" asserts="3" />
                              <test-case name="dotless.Test.Unit.engine.Literals.ColorFixture.CanRetrieveColorHex" executed="True" success="True" time="0.001" asserts="2" />
                            </results>
                          </test-suite>
                          <test-suite name="FontFamilyFixture" executed="True" success="True" time="0.000" asserts="0">
                            <results>
                              <test-case name="dotless.Test.Unit.engine.Literals.FontFamilyFixture.CanGetCss" executed="True" success="True" time="0.000" asserts="0" />
                            </results>
                          </test-suite>
                          <test-suite name="NumberFixture" executed="True" success="True" time="0.000" asserts="0">
                            <results>
                              <test-case name="dotless.Test.Unit.engine.Literals.NumberFixture.CanOperateOnNumber" executed="True" success="True" time="0.000" asserts="1" />
                            </results>
                          </test-suite>
                          <test-suite name="StringFixture" executed="True" success="True" time="0.001" asserts="0">
                            <results>
                              <test-case name="dotless.Test.Unit.engine.Literals.StringFixture.CanRetrieveStringContent" executed="True" success="True" time="0.000" asserts="1" />
                            </results>
                          </test-suite>
                        </results>
                      </test-suite>
                      <test-suite name="PropertyFixture" executed="True" success="True" time="0.337" asserts="0">
                        <results>
                          <test-case name="dotless.Test.Unit.engine.PropertyFixture.CanEvaluateColorProperties" executed="True" success="True" time="0.171" asserts="1" />
                          <test-case name="dotless.Test.Unit.engine.PropertyFixture.CanEvaluateExpressionNumberProperties" executed="True" success="True" time="0.164" asserts="1" />
                          <test-case name="dotless.Test.Unit.engine.PropertyFixture.CanEvaluateSeveralPropertiesWithoutOperators" executed="True" success="True" time="0.000" asserts="0" />
                        </results>
                      </test-suite>
                    </results>
                  </test-suite>
                  <test-suite name="minifier" executed="True" success="True" time="0.069" asserts="0">
                    <results>
                      <test-suite name="CleanerFixture" executed="True" success="True" time="0.057" asserts="0">
                        <results>
                          <test-case name="dotless.Test.Unit.minifier.CleanerFixture.CanHandleDescriptorAndOpeningBraceInDifferentLines" executed="True" success="True" time="0.021" asserts="1" />
                          <test-case name="dotless.Test.Unit.minifier.CleanerFixture.CanRemoveExtendedComment" executed="True" success="True" time="0.001" asserts="1" />
                          <test-case name="dotless.Test.Unit.minifier.CleanerFixture.CanRemoveMultipleWhitespaces" executed="True" success="True" time="0.000" asserts="1" />
                          <test-case name="dotless.Test.Unit.minifier.CleanerFixture.CanRemoveNewlines" executed="True" success="True" time="0.001" asserts="1" />
                          <test-case name="dotless.Test.Unit.minifier.CleanerFixture.CanTrimEndOfLineComment" executed="True" success="True" time="0.000" asserts="1" />
                          <test-case name="dotless.Test.Unit.minifier.CleanerFixture.CanTrimLeadingWhiteSpaces" executed="True" success="True" time="0.000" asserts="1" />
                          <test-case name="dotless.Test.Unit.minifier.CleanerFixture.CanTrimTrailingWhiteSpaces" executed="True" success="True" time="0.001" asserts="1" />
                          <test-case name="dotless.Test.Unit.minifier.CleanerFixture.ExtendedTest" executed="True" success="True" time="0.026" asserts="1" />
                          <test-case name="dotless.Test.Unit.minifier.CleanerFixture.RemoveExtendedCommentIgnoresEscapedComment" executed="True" success="True" time="0.000" asserts="1" />
                        </results>
                      </test-suite>
                      <test-suite name="DescriptorBuilderFixture" executed="True" success="True" time="0.000" asserts="0">
                        <results>
                          <test-case name="dotless.Test.Unit.minifier.DescriptorBuilderFixture.DescriptorBuilderTrimsWhiteSpaces" executed="True" success="True" time="0.000" asserts="1" />
                        </results>
                      </test-suite>
                      <test-suite name="ExpressionBuilderFixture" executed="True" success="True" time="0.003" asserts="0">
                        <results>
                          <test-case name="dotless.Test.Unit.minifier.ExpressionBuilderFixture.CanHandleSingleQuotationMarkString" executed="True" success="True" time="0.000" asserts="1" />
                          <test-case name="dotless.Test.Unit.minifier.ExpressionBuilderFixture.CanHandleValuesWithSpaces" executed="True" success="True" time="0.000" asserts="1" />
                          <test-case name="dotless.Test.Unit.minifier.ExpressionBuilderFixture.ContinuesWhiteSpaceRemovalAfterString" executed="True" success="True" time="0.000" asserts="1" />
                          <test-case name="dotless.Test.Unit.minifier.ExpressionBuilderFixture.CorrectlyIdentifiesFirstColonAsSplitter" executed="True" success="True" time="0.000" asserts="2" />
                          <test-case name="dotless.Test.Unit.minifier.ExpressionBuilderFixture.LeavesStringsIntact" executed="True" success="True" time="0.000" asserts="1" />
                          <test-case name="dotless.Test.Unit.minifier.ExpressionBuilderFixture.RemovesUnnecessaryWhitespacesInValue" executed="True" success="True" time="0.000" asserts="1" />
                        </results>
                      </test-suite>
                      <test-suite name="TokenizerFixture" executed="True" success="True" time="0.006" asserts="0">
                        <results>
                          <test-case name="dotless.Test.Unit.minifier.TokenizerFixture.AppendsExpressionToCurrentLevel" executed="True" success="True" time="0.001" asserts="1" />
                          <test-case name="dotless.Test.Unit.minifier.TokenizerFixture.AppendsSubNodesToCurrentLevel" executed="True" success="True" time="0.000" asserts="1" />
                          <test-case name="dotless.Test.Unit.minifier.TokenizerFixture.CanHandleBracesInStrings" executed="True" success="True" time="0.001" asserts="1" />
                          <test-case name="dotless.Test.Unit.minifier.TokenizerFixture.CanHandleComplexStrings" executed="True" success="True" time="0.000" asserts="1" />
                          <test-case name="dotless.Test.Unit.minifier.TokenizerFixture.CanHandleMinusComposedValues" executed="True" success="True" time="0.001" asserts="1" />
                          <test-case name="dotless.Test.Unit.minifier.TokenizerFixture.CanHandleMultipleChildrenOnOneLevel" executed="True" success="True" time="0.000" asserts="1" />
                          <test-case name="dotless.Test.Unit.minifier.TokenizerFixture.CanHandleMultipleExpressionsOnOneLevel" executed="True" success="True" time="0.000" asserts="1" />
                          <test-case name="dotless.Test.Unit.minifier.TokenizerFixture.CanHandleNestedChildExpressions" executed="True" success="True" time="0.000" asserts="1" />
                          <test-case name="dotless.Test.Unit.minifier.TokenizerFixture.CanHandleNestedChildren" executed="True" success="True" time="0.000" asserts="2" />
                          <test-case name="dotless.Test.Unit.minifier.TokenizerFixture.CanHandleSingleQuoteStrings" executed="True" success="True" time="0.000" asserts="1" />
                          <test-case name="dotless.Test.Unit.minifier.TokenizerFixture.NestedChildNodeDescriptorMatchesCSSDescriptor" executed="True" success="True" time="0.000" asserts="1" />
                          <test-case name="dotless.Test.Unit.minifier.TokenizerFixture.RootNodeIsCalledROOT" executed="True" success="True" time="0.000" asserts="1" />
                        </results>
                      </test-suite>
                    </results>
                  </test-suite>
                  <test-suite name="utils" executed="True" success="True" time="0.096" asserts="0">
                    <results>
                      <test-suite name="CsCodeDomFixture" executed="True" success="True" time="0.095" asserts="0">
                        <results>
                          <test-case name="dotless.Test.Unit.utils.CsCodeDomFixture.CanEvaluateSingleProperty" executed="True" success="True" time="0.094" asserts="0" />
                        </results>
                      </test-suite>
                      <test-suite name="RegexExtentionsFixtures" executed="True" success="True" time="0.000" asserts="0">
                        <results>
                          <test-case name="dotless.Test.Unit.utils.RegexExtentionsFixtures.CanRetrieveIdents" executed="True" success="True" time="0.000" asserts="3" />
                        </results>
                      </test-suite>
                    </results>
                  </test-suite>
                </results>
              </test-suite>
            </results>
          </test-suite>
        </results>
      </test-suite>
    </results>
  </test-suite>
</test-results>